{"total": {"lines":{"total":1225,"covered":1224,"skipped":0,"pct":99.91},"statements":{"total":1225,"covered":1224,"skipped":0,"pct":99.91},"functions":{"total":80,"covered":80,"skipped":0,"pct":100},"branches":{"total":414,"covered":394,"skipped":0,"pct":95.16},"branchesTrue":{"total":0,"covered":0,"skipped":0,"pct":100}}
,"/home/sugi/works/git/github/ya-wareki-js/src/constants.ts": {"lines":{"total":42,"covered":42,"skipped":0,"pct":100},"functions":{"total":0,"covered":0,"skipped":0,"pct":100},"statements":{"total":42,"covered":42,"skipped":0,"pct":100},"branches":{"total":0,"covered":0,"skipped":0,"pct":100}}
,"/home/sugi/works/git/github/ya-wareki-js/src/era-lookup.ts": {"lines":{"total":31,"covered":31,"skipped":0,"pct":100},"functions":{"total":4,"covered":4,"skipped":0,"pct":100},"statements":{"total":31,"covered":31,"skipped":0,"pct":100},"branches":{"total":14,"covered":14,"skipped":0,"pct":100}}
,"/home/sugi/works/git/github/ya-wareki-js/src/errors.ts": {"lines":{"total":18,"covered":18,"skipped":0,"pct":100},"functions":{"total":3,"covered":3,"skipped":0,"pct":100},"statements":{"total":18,"covered":18,"skipped":0,"pct":100},"branches":{"total":3,"covered":3,"skipped":0,"pct":100}}
,"/home/sugi/works/git/github/ya-wareki-js/src/format.ts": {"lines":{"total":117,"covered":117,"skipped":0,"pct":100},"functions":{"total":9,"covered":9,"skipped":0,"pct":100},"statements":{"total":117,"covered":117,"skipped":0,"pct":100},"branches":{"total":98,"covered":92,"skipped":0,"pct":93.87}}
,"/home/sugi/works/git/github/ya-wareki-js/src/index.ts": {"lines":{"total":53,"covered":53,"skipped":0,"pct":100},"functions":{"total":5,"covered":5,"skipped":0,"pct":100},"statements":{"total":53,"covered":53,"skipped":0,"pct":100},"branches":{"total":32,"covered":29,"skipped":0,"pct":90.62}}
,"/home/sugi/works/git/github/ya-wareki-js/src/jd.ts": {"lines":{"total":43,"covered":43,"skipped":0,"pct":100},"functions":{"total":6,"covered":6,"skipped":0,"pct":100},"statements":{"total":43,"covered":43,"skipped":0,"pct":100},"branches":{"total":16,"covered":16,"skipped":0,"pct":100}}
,"/home/sugi/works/git/github/ya-wareki-js/src/parse.ts": {"lines":{"total":51,"covered":51,"skipped":0,"pct":100},"functions":{"total":2,"covered":2,"skipped":0,"pct":100},"statements":{"total":51,"covered":51,"skipped":0,"pct":100},"branches":{"total":33,"covered":31,"skipped":0,"pct":93.93}}
,"/home/sugi/works/git/github/ya-wareki-js/src/time.ts": {"lines":{"total":63,"covered":62,"skipped":0,"pct":98.41},"functions":{"total":6,"covered":6,"skipped":0,"pct":100},"statements":{"total":63,"covered":62,"skipped":0,"pct":98.41},"branches":{"total":33,"covered":31,"skipped":0,"pct":93.93}}
,"/home/sugi/works/git/github/ya-wareki-js/src/utils.ts": {"lines":{"total":82,"covered":82,"skipped":0,"pct":100},"functions":{"total":12,"covered":12,"skipped":0,"pct":100},"statements":{"total":82,"covered":82,"skipped":0,"pct":100},"branches":{"total":83,"covered":79,"skipped":0,"pct":95.18}}
,"/home/sugi/works/git/github/ya-wareki-js/src/wareki-date.ts": {"lines":{"total":163,"covered":163,"skipped":0,"pct":100},"functions":{"total":29,"covered":29,"skipped":0,"pct":100},"statements":{"total":163,"covered":163,"skipped":0,"pct":100},"branches":{"total":75,"covered":72,"skipped":0,"pct":96}}
,"/home/sugi/works/git/github/ya-wareki-js/src/year-data.ts": {"lines":{"total":55,"covered":55,"skipped":0,"pct":100},"functions":{"total":4,"covered":4,"skipped":0,"pct":100},"statements":{"total":55,"covered":55,"skipped":0,"pct":100},"branches":{"total":27,"covered":27,"skipped":0,"pct":100}}
,"/home/sugi/works/git/github/ya-wareki-js/src/data/era-defs.ts": {"lines":{"total":500,"covered":500,"skipped":0,"pct":100},"functions":{"total":0,"covered":0,"skipped":0,"pct":100},"statements":{"total":500,"covered":500,"skipped":0,"pct":100},"branches":{"total":0,"covered":0,"skipped":0,"pct":100}}
,"/home/sugi/works/git/github/ya-wareki-js/src/data/year-defs.ts": {"lines":{"total":7,"covered":7,"skipped":0,"pct":100},"functions":{"total":0,"covered":0,"skipped":0,"pct":100},"statements":{"total":7,"covered":7,"skipped":0,"pct":100},"branches":{"total":0,"covered":0,"skipped":0,"pct":100}}
}
