{"total": {"lines":{"total":395,"covered":391,"skipped":0,"pct":98.98},"statements":{"total":473,"covered":463,"skipped":0,"pct":97.88},"functions":{"total":91,"covered":91,"skipped":0,"pct":100},"branches":{"total":379,"covered":358,"skipped":0,"pct":94.45},"branchesTrue":{"total":0,"covered":0,"skipped":0,"pct":100}}
,"/home/sugi/works/git/github/ya-wareki-js/src/constants.ts": {"lines":{"total":13,"covered":13,"skipped":0,"pct":100},"functions":{"total":0,"covered":0,"skipped":0,"pct":100},"statements":{"total":13,"covered":13,"skipped":0,"pct":100},"branches":{"total":0,"covered":0,"skipped":0,"pct":100}}
,"/home/sugi/works/git/github/ya-wareki-js/src/era-lookup.ts": {"lines":{"total":21,"covered":21,"skipped":0,"pct":100},"functions":{"total":5,"covered":5,"skipped":0,"pct":100},"statements":{"total":27,"covered":27,"skipped":0,"pct":100},"branches":{"total":10,"covered":10,"skipped":0,"pct":100}}
,"/home/sugi/works/git/github/ya-wareki-js/src/errors.ts": {"lines":{"total":6,"covered":6,"skipped":0,"pct":100},"functions":{"total":3,"covered":3,"skipped":0,"pct":100},"statements":{"total":6,"covered":6,"skipped":0,"pct":100},"branches":{"total":0,"covered":0,"skipped":0,"pct":100}}
,"/home/sugi/works/git/github/ya-wareki-js/src/format.ts": {"lines":{"total":81,"covered":80,"skipped":0,"pct":98.76},"functions":{"total":13,"covered":13,"skipped":0,"pct":100},"statements":{"total":94,"covered":92,"skipped":0,"pct":97.87},"branches":{"total":91,"covered":85,"skipped":0,"pct":93.4}}
,"/home/sugi/works/git/github/ya-wareki-js/src/index.ts": {"lines":{"total":30,"covered":30,"skipped":0,"pct":100},"functions":{"total":5,"covered":5,"skipped":0,"pct":100},"statements":{"total":37,"covered":35,"skipped":0,"pct":94.59},"branches":{"total":31,"covered":27,"skipped":0,"pct":87.09}}
,"/home/sugi/works/git/github/ya-wareki-js/src/jd.ts": {"lines":{"total":24,"covered":24,"skipped":0,"pct":100},"functions":{"total":6,"covered":6,"skipped":0,"pct":100},"statements":{"total":27,"covered":27,"skipped":0,"pct":100},"branches":{"total":12,"covered":12,"skipped":0,"pct":100}}
,"/home/sugi/works/git/github/ya-wareki-js/src/parse.ts": {"lines":{"total":29,"covered":28,"skipped":0,"pct":96.55},"functions":{"total":3,"covered":3,"skipped":0,"pct":100},"statements":{"total":33,"covered":32,"skipped":0,"pct":96.96},"branches":{"total":35,"covered":33,"skipped":0,"pct":94.28}}
,"/home/sugi/works/git/github/ya-wareki-js/src/time.ts": {"lines":{"total":32,"covered":31,"skipped":0,"pct":96.87},"functions":{"total":8,"covered":8,"skipped":0,"pct":100},"statements":{"total":40,"covered":39,"skipped":0,"pct":97.5},"branches":{"total":27,"covered":25,"skipped":0,"pct":92.59}}
,"/home/sugi/works/git/github/ya-wareki-js/src/utils.ts": {"lines":{"total":48,"covered":48,"skipped":0,"pct":100},"functions":{"total":14,"covered":14,"skipped":0,"pct":100},"statements":{"total":70,"covered":69,"skipped":0,"pct":98.57},"branches":{"total":76,"covered":72,"skipped":0,"pct":94.73}}
,"/home/sugi/works/git/github/ya-wareki-js/src/wareki-date.ts": {"lines":{"total":71,"covered":70,"skipped":0,"pct":98.59},"functions":{"total":28,"covered":28,"skipped":0,"pct":100},"statements":{"total":78,"covered":75,"skipped":0,"pct":96.15},"branches":{"total":77,"covered":74,"skipped":0,"pct":96.1}}
,"/home/sugi/works/git/github/ya-wareki-js/src/year-data.ts": {"lines":{"total":32,"covered":32,"skipped":0,"pct":100},"functions":{"total":6,"covered":6,"skipped":0,"pct":100},"statements":{"total":40,"covered":40,"skipped":0,"pct":100},"branches":{"total":20,"covered":20,"skipped":0,"pct":100}}
,"/home/sugi/works/git/github/ya-wareki-js/src/data/era-defs.ts": {"lines":{"total":2,"covered":2,"skipped":0,"pct":100},"functions":{"total":0,"covered":0,"skipped":0,"pct":100},"statements":{"total":2,"covered":2,"skipped":0,"pct":100},"branches":{"total":0,"covered":0,"skipped":0,"pct":100}}
,"/home/sugi/works/git/github/ya-wareki-js/src/data/year-defs.ts": {"lines":{"total":6,"covered":6,"skipped":0,"pct":100},"functions":{"total":0,"covered":0,"skipped":0,"pct":100},"statements":{"total":6,"covered":6,"skipped":0,"pct":100},"branches":{"total":0,"covered":0,"skipped":0,"pct":100}}
}
